C:\Projects\HomeAssignment\HomeAssignment\ClientApp\dist\out-tsc\e2e\src\app.po.js
C:\Projects\HomeAssignment\HomeAssignment\ClientApp\dist\out-tsc\e2e\src\app.po.js.map
C:\Projects\HomeAssignment\HomeAssignment\ClientApp\dist\out-tsc\e2e\src\app.e2e-spec.js
C:\Projects\HomeAssignment\HomeAssignment\ClientApp\dist\out-tsc\e2e\src\app.e2e-spec.js.map
C:\Projects\HomeAssignment\HomeAssignment\ClientApp\dist\out-tsc\src\app\app.component.js
C:\Projects\HomeAssignment\HomeAssignment\ClientApp\dist\out-tsc\src\app\app.component.js.map
C:\Projects\HomeAssignment\HomeAssignment\ClientApp\dist\out-tsc\src\app\Model\link.js
C:\Projects\HomeAssignment\HomeAssignment\ClientApp\dist\out-tsc\src\app\Model\link.js.map
C:\Projects\HomeAssignment\HomeAssignment\ClientApp\dist\out-tsc\src\app\navbar\navbar.component.js
C:\Projects\HomeAssignment\HomeAssignment\ClientApp\dist\out-tsc\src\app\navbar\navbar.component.js.map
C:\Projects\HomeAssignment\HomeAssignment\ClientApp\dist\out-tsc\src\app\Model\beer.js
C:\Projects\HomeAssignment\HomeAssignment\ClientApp\dist\out-tsc\src\app\Model\beer.js.map
C:\Projects\HomeAssignment\HomeAssignment\ClientApp\dist\out-tsc\src\app\Service\app.service.js
C:\Projects\HomeAssignment\HomeAssignment\ClientApp\dist\out-tsc\src\app\Service\app.service.js.map
C:\Projects\HomeAssignment\HomeAssignment\ClientApp\dist\out-tsc\src\app\browse-beers\browse-beers.component.js
C:\Projects\HomeAssignment\HomeAssignment\ClientApp\dist\out-tsc\src\app\browse-beers\browse-beers.component.js.map
C:\Projects\HomeAssignment\HomeAssignment\ClientApp\dist\out-tsc\src\app\Model\more-info-beers.js
C:\Projects\HomeAssignment\HomeAssignment\ClientApp\dist\out-tsc\src\app\Model\more-info-beers.js.map
C:\Projects\HomeAssignment\HomeAssignment\ClientApp\dist\out-tsc\src\app\beer-card\beer-card.component.js
C:\Projects\HomeAssignment\HomeAssignment\ClientApp\dist\out-tsc\src\app\beer-card\beer-card.component.js.map
C:\Projects\HomeAssignment\HomeAssignment\ClientApp\dist\out-tsc\src\app\favorite-beers\favorite-beers.component.js
C:\Projects\HomeAssignment\HomeAssignment\ClientApp\dist\out-tsc\src\app\favorite-beers\favorite-beers.component.js.map
C:\Projects\HomeAssignment\HomeAssignment\ClientApp\dist\out-tsc\src\app\app.module.js
C:\Projects\HomeAssignment\HomeAssignment\ClientApp\dist\out-tsc\src\app\app.module.js.map
C:\Projects\HomeAssignment\HomeAssignment\ClientApp\dist\out-tsc\src\environments\environment.js
C:\Projects\HomeAssignment\HomeAssignment\ClientApp\dist\out-tsc\src\environments\environment.js.map
C:\Projects\HomeAssignment\HomeAssignment\ClientApp\dist\out-tsc\src\main.js
C:\Projects\HomeAssignment\HomeAssignment\ClientApp\dist\out-tsc\src\main.js.map
C:\Projects\HomeAssignment\HomeAssignment\ClientApp\dist\out-tsc\src\polyfills.js
C:\Projects\HomeAssignment\HomeAssignment\ClientApp\dist\out-tsc\src\polyfills.js.map
C:\Projects\HomeAssignment\HomeAssignment\ClientApp\dist\out-tsc\src\test.js
C:\Projects\HomeAssignment\HomeAssignment\ClientApp\dist\out-tsc\src\test.js.map
C:\Projects\HomeAssignment\HomeAssignment\ClientApp\dist\out-tsc\src\app\app.component.spec.js
C:\Projects\HomeAssignment\HomeAssignment\ClientApp\dist\out-tsc\src\app\app.component.spec.js.map
C:\Projects\HomeAssignment\HomeAssignment\ClientApp\dist\out-tsc\src\app\Service\app.service.spec.js
C:\Projects\HomeAssignment\HomeAssignment\ClientApp\dist\out-tsc\src\app\Service\app.service.spec.js.map
C:\Projects\HomeAssignment\HomeAssignment\ClientApp\dist\out-tsc\src\app\beer-card\beer-card.component.spec.js
C:\Projects\HomeAssignment\HomeAssignment\ClientApp\dist\out-tsc\src\app\beer-card\beer-card.component.spec.js.map
C:\Projects\HomeAssignment\HomeAssignment\ClientApp\dist\out-tsc\src\app\browse-beers\browse-beers.component.spec.js
C:\Projects\HomeAssignment\HomeAssignment\ClientApp\dist\out-tsc\src\app\browse-beers\browse-beers.component.spec.js.map
C:\Projects\HomeAssignment\HomeAssignment\ClientApp\dist\out-tsc\src\app\favorite-beers\favorite-beers.component.spec.js
C:\Projects\HomeAssignment\HomeAssignment\ClientApp\dist\out-tsc\src\app\favorite-beers\favorite-beers.component.spec.js.map
C:\Projects\HomeAssignment\HomeAssignment\ClientApp\dist\out-tsc\src\app\navbar\navbar.component.spec.js
C:\Projects\HomeAssignment\HomeAssignment\ClientApp\dist\out-tsc\src\app\navbar\navbar.component.spec.js.map
C:\Projects\HomeAssignment\HomeAssignment\ClientApp\dist\out-tsc\src\environments\environment.prod.js
C:\Projects\HomeAssignment\HomeAssignment\ClientApp\dist\out-tsc\src\environments\environment.prod.js.map
